[0319/211744.039:ERROR:process_memory_win.cc(73)] ReadMemory at 0x1c987cb0000 of 64 bytes failed: Only part of a ReadProcessMemory or WriteProcessMemory request was completed. (0x12B)
[0319/211745.098:WARNING:pe_image_reader.cc(302)] could not read dos header from C:\WINDOWS\System32\ole32.dll
[0319/211745.098:ERROR:process_memory_win.cc(73)] ReadMemory at 0x7ff894290000 of 64 bytes failed: Only part of a ReadProcessMemory or WriteProcessMemory request was completed. (0x12B)
[0319/211745.098:WARNING:pe_image_reader.cc(302)] could not read dos header from C:\WINDOWS\System32\OLEAUT32.dll
[0319/211745.098:ERROR:process_memory_win.cc(73)] ReadMemory at 0x7ff890760000 of 64 bytes failed: Only part of a ReadProcessMemory or WriteProcessMemory request was completed. (0x12B)
[0319/211745.354:WARNING:pe_image_reader.cc(302)] could not read dos header from C:\WINDOWS\System32\WINTRUST.dll
[0319/211745.354:ERROR:process_memory_win.cc(73)] ReadMemory at 0x7ff8906f0000 of 64 bytes failed: Only part of a ReadProcessMemory or WriteProcessMemory request was completed. (0x12B)
[0319/211745.354:WARNING:pe_image_reader.cc(302)] could not read dos header from C:\WINDOWS\System32\MSASN1.dll
[0319/211745.354:ERROR:process_memory_win.cc(73)] ReadMemory at 0x7ff8909b0000 of 64 bytes failed: Only part of a ReadProcessMemory or WriteProcessMemory request was completed. (0x12B)
[0319/211745.354:WARNING:pe_image_reader.cc(302)] could not read dos header from C:\WINDOWS\System32\CRYPT32.dll
[0319/211745.354:ERROR:process_memory_win.cc(73)] ReadMemory at 0x7ff892500000 of 64 bytes failed: Only part of a ReadProcessMemory or WriteProcessMemory request was completed. (0x12B)
[0319/211745.355:WARNING:pe_image_reader.cc(302)] could not read dos header from C:\WINDOWS\System32\COMDLG32.dll
[0319/211745.355:ERROR:process_memory_win.cc(73)] ReadMemory at 0x7ff88fc40000 of 64 bytes failed: Only part of a ReadProcessMemory or WriteProcessMemory request was completed. (0x12B)
[0319/211745.355:WARNING:pe_image_reader.cc(302)] could not read dos header from C:\WINDOWS\SYSTEM32\IPHLPAPI.DLL
[0319/211745.355:ERROR:process_memory_win.cc(73)] ReadMemory at 0x7ff8801e0000 of 64 bytes failed: Only part of a ReadProcessMemory or WriteProcessMemory request was completed. (0x12B)
[0319/211745.355:WARNING:pe_image_reader.cc(302)] could not read dos header from C:\WINDOWS\SYSTEM32\OLEACC.dll
[0319/211745.355:ERROR:process_memory_win.cc(73)] ReadMemory at 0x7ff87fe80000 of 64 bytes failed: Only part of a ReadProcessMemory or WriteProcessMemory request was completed. (0x12B)
[0319/211745.355:WARNING:pe_image_reader.cc(302)] could not read dos header from C:\WINDOWS\SYSTEM32\DWrite.dll
[0319/211745.355:ERROR:process_memory_win.cc(73)] ReadMemory at 0x7ff88f460000 of 64 bytes failed: Only part of a ReadProcessMemory or WriteProcessMemory request was completed. (0x12B)
[0319/211745.355:WARNING:pe_image_reader.cc(302)] could not read dos header from C:\WINDOWS\SYSTEM32\dxgi.dll
[0319/211745.355:ERROR:process_memory_win.cc(73)] ReadMemory at 0x7ff882370000 of 64 bytes failed: Only part of a ReadProcessMemory or WriteProcessMemory request was completed. (0x12B)
[0319/211745.355:WARNING:pe_image_reader.cc(302)] could not read dos header from C:\WINDOWS\SYSTEM32\WINSPOOL.DRV
[0319/211745.355:ERROR:process_memory_win.cc(73)] ReadMemory at 0x7ff88b1f0000 of 64 bytes failed: Only part of a ReadProcessMemory or WriteProcessMemory request was completed. (0x12B)
[0319/211745.355:WARNING:pe_image_reader.cc(302)] could not read dos header from C:\WINDOWS\SYSTEM32\dbghelp.dll
[0319/211745.355:ERROR:process_memory_win.cc(73)] ReadMemory at 0x7ff86e260000 of 64 bytes failed: Only part of a ReadProcessMemory or WriteProcessMemory request was completed. (0x12B)
[0319/211745.355:WARNING:pe_image_reader.cc(302)] could not read dos header from C:\WINDOWS\SYSTEM32\USP10.dll
[0319/211745.355:ERROR:process_memory_win.cc(73)] ReadMemory at 0x7ff87d840000 of 64 bytes failed: Only part of a ReadProcessMemory or WriteProcessMemory request was completed. (0x12B)
[0319/211745.355:WARNING:pe_image_reader.cc(302)] could not read dos header from C:\WINDOWS\WinSxS\amd64_microsoft.windows.common-controls_6595b64144ccf1df_6.0.17134.648_none_fb45a0e93062a6d2\COMCTL32.dll
[0319/211745.355:ERROR:process_memory_win.cc(73)] ReadMemory at 0x7ff88b640000 of 64 bytes failed: Only part of a ReadProcessMemory or WriteProcessMemory request was completed. (0x12B)
[0319/211745.355:WARNING:pe_image_reader.cc(302)] could not read dos header from C:\WINDOWS\SYSTEM32\WINHTTP.dll
[0319/211745.355:ERROR:process_memory_win.cc(73)] ReadMemory at 0x7ff888a30000 of 64 bytes failed: Only part of a ReadProcessMemory or WriteProcessMemory request was completed. (0x12B)
[0319/211745.355:WARNING:pe_image_reader.cc(302)] could not read dos header from C:\WINDOWS\SYSTEM32\urlmon.dll
[0319/211745.355:ERROR:process_memory_win.cc(73)] ReadMemory at 0x7ff88ad90000 of 64 bytes failed: Only part of a ReadProcessMemory or WriteProcessMemory request was completed. (0x12B)
[0319/211745.355:WARNING:pe_image_reader.cc(302)] could not read dos header from C:\WINDOWS\SYSTEM32\Secur32.dll
[0319/211745.355:ERROR:process_memory_win.cc(73)] ReadMemory at 0x7ff88b0d0000 of 64 bytes failed: Only part of a ReadProcessMemory or WriteProcessMemory request was completed. (0x12B)
[0319/211745.356:WARNING:pe_image_reader.cc(302)] could not read dos header from C:\WINDOWS\SYSTEM32\dhcpcsvc.DLL
[0319/211745.356:ERROR:process_memory_win.cc(73)] ReadMemory at 0x7ff892460000 of 64 bytes failed: Only part of a ReadProcessMemory or WriteProcessMemory request was completed. (0x12B)
[0319/211745.356:WARNING:pe_image_reader.cc(302)] could not read dos header from C:\WINDOWS\System32\NSI.dll
[0319/211745.356:ERROR:process_memory_win.cc(73)] ReadMemory at 0x7ff88d090000 of 64 bytes failed: Only part of a ReadProcessMemory or WriteProcessMemory request was completed. (0x12B)
[0319/211745.356:WARNING:pe_image_reader.cc(302)] could not read dos header from C:\WINDOWS\SYSTEM32\PROPSYS.dll
[0319/211745.356:ERROR:process_memory_win.cc(73)] ReadMemory at 0x7ff8901a0000 of 64 bytes failed: Only part of a ReadProcessMemory or WriteProcessMemory request was completed. (0x12B)
[0319/211745.356:WARNING:pe_image_reader.cc(302)] could not read dos header from C:\WINDOWS\SYSTEM32\bcrypt.dll
[0319/211745.356:ERROR:process_memory_win.cc(73)] ReadMemory at 0x7ff885fc0000 of 64 bytes failed: Only part of a ReadProcessMemory or WriteProcessMemory request was completed. (0x12B)
[0319/211745.356:WARNING:pe_image_reader.cc(302)] could not read dos header from C:\WINDOWS\SYSTEM32\iertutil.dll
[0319/211745.356:ERROR:process_memory_win.cc(73)] ReadMemory at 0x7ff8905a0000 of 64 bytes failed: Only part of a ReadProcessMemory or WriteProcessMemory request was completed. (0x12B)
[0319/211745.356:WARNING:pe_image_reader.cc(302)] could not read dos header from C:\WINDOWS\SYSTEM32\SSPICLI.DLL
[0319/211745.962:ERROR:process_memory_win.cc(73)] ReadMemory at 0x7ff6017a0000 of 64 bytes failed: Only part of a ReadProcessMemory or WriteProcessMemory request was completed. (0x12B)
[0319/211745.962:WARNING:pe_image_reader.cc(302)] could not read dos header from C:\Program Files (x86)\Google\Chrome\Application\chrome.exe
[0319/211745.963:ERROR:process_memory_win.cc(73)] ReadMemory at 0x7ff894390000 of 64 bytes failed: Only part of a ReadProcessMemory or WriteProcessMemory request was completed. (0x12B)
[0319/211745.963:WARNING:pe_image_reader.cc(302)] could not read dos header from C:\WINDOWS\SYSTEM32\ntdll.dll
[0319/211745.963:ERROR:process_memory_win.cc(73)] ReadMemory at 0x7ff892790000 of 64 bytes failed: Only part of a ReadProcessMemory or WriteProcessMemory request was completed. (0x12B)
[0319/211745.963:WARNING:pe_image_reader.cc(302)] could not read dos header from C:\WINDOWS\System32\KERNEL32.DLL
[0319/211745.963:ERROR:process_memory_win.cc(73)] ReadMemory at 0x7ff8915a0000 of 64 bytes failed: Only part of a ReadProcessMemory or WriteProcessMemory request was completed. (0x12B)
[0319/211745.963:WARNING:pe_image_reader.cc(302)] could not read dos header from C:\WINDOWS\System32\KERNELBASE.dll
[0319/211745.963:ERROR:process_memory_win.cc(73)] ReadMemory at 0x7ff88ec00000 of 64 bytes failed: Only part of a ReadProcessMemory or WriteProcessMemory request was completed. (0x12B)
[0319/211745.963:WARNING:pe_image_reader.cc(302)] could not read dos header from C:\WINDOWS\SYSTEM32\apphelp.dll
[0319/211745.963:ERROR:process_memory_win.cc(73)] ReadMemory at 0x7ff8929d0000 of 64 bytes failed: Only part of a ReadProcessMemory or WriteProcessMemory request was completed. (0x12B)
[0319/211745.963:WARNING:pe_image_reader.cc(302)] could not read dos header from C:\WINDOWS\System32\SHELL32.dll
[0319/211745.963:ERROR:process_memory_win.cc(73)] ReadMemory at 0x7ff8923c0000 of 64 bytes failed: Only part of a ReadProcessMemory or WriteProcessMemory request was completed. (0x12B)
[0319/211745.963:WARNING:pe_image_reader.cc(302)] could not read dos header from C:\WINDOWS\System32\msvcrt.dll
[0319/211745.963:ERROR:process_memory_win.cc(73)] ReadMemory at 0x7ff8907c0000 of 64 bytes failed: Only part of a ReadProcessMemory or WriteProcessMemory request was completed. (0x12B)
[0319/211745.963:WARNING:pe_image_reader.cc(302)] could not read dos header from C:\WINDOWS\System32\cfgmgr32.dll
[0319/211745.963:ERROR:process_memory_win.cc(73)] ReadMemory at 0x7ff890cd0000 of 64 bytes failed: Only part of a ReadProcessMemory or WriteProcessMemory request was completed. (0x12B)
[0319/211745.963:WARNING:pe_image_reader.cc(302)] could not read dos header from C:\WINDOWS\System32\ucrtbase.dll
[0319/211745.964:ERROR:process_memory_win.cc(73)] ReadMemory at 0x7ff893eb0000 of 64 bytes failed: Only part of a ReadProcessMemory or WriteProcessMemory request was completed. (0x12B)
[0319/211745.964:WARNING:pe_image_reader.cc(302)] could not read dos header from C:\WINDOWS\System32\shcore.dll
[0319/211745.964:ERROR:process_memory_win.cc(73)] ReadMemory at 0x7ff892290000 of 64 bytes failed: Only part of a ReadProcessMemory or WriteProcessMemory request was completed. (0x12B)
[0319/211745.964:WARNING:pe_image_reader.cc(302)] could not read dos header from C:\WINDOWS\System32\RPCRT4.dll
[0319/211745.964:ERROR:process_memory_win.cc(73)] ReadMemory at 0x7ff893f60000 of 64 bytes failed: Only part of a ReadProcessMemory or WriteProcessMemory request was completed. (0x12B)
[0319/211745.964:WARNING:pe_image_reader.cc(302)] could not read dos header from C:\WINDOWS\System32\combase.dll
[0319/211745.964:ERROR:process_memory_win.cc(73)] ReadMemory at 0x7ff890ba0000 of 64 bytes failed: Only part of a ReadProcessMemory or WriteProcessMemory request was completed. (0x12B)
[0319/211745.964:WARNING:pe_image_reader.cc(302)] could not read dos header from C:\WINDOWS\System32\bcryptPrimitives.dll
[0319/211745.964:ERROR:process_memory_win.cc(73)] ReadMemory at 0x7ff890e90000 of 64 bytes failed: Only part of a ReadProcessMemory or WriteProcessMemory request was completed. (0x12B)
[0319/211745.964:WARNING:pe_image_reader.cc(302)] could not read dos header from C:\WINDOWS\System32\windows.storage.dll
[0319/211745.964:ERROR:process_memory_win.cc(73)] ReadMemory at 0x7ff8919b0000 of 64 bytes failed: Only part of a ReadProcessMemory or WriteProcessMemory request was completed. (0x12B)
[0319/211745.964:WARNING:pe_image_reader.cc(302)] could not read dos header from C:\WINDOWS\System32\advapi32.dll
[0319/211745.964:ERROR:process_memory_win.cc(73)] ReadMemory at 0x7ff8925f0000 of 64 bytes failed: Only part of a ReadProcessMemory or WriteProcessMemory request was completed. (0x12B)
[0319/211745.964:WARNING:pe_image_reader.cc(302)] could not read dos header from C:\WINDOWS\System32\sechost.dll
[0319/211745.964:ERROR:process_memory_win.cc(73)] ReadMemory at 0x7ff892230000 of 64 bytes failed: Only part of a ReadProcessMemory or WriteProcessMemory request was completed. (0x12B)
[0319/211745.964:WARNING:pe_image_reader.cc(302)] could not read dos header from C:\WINDOWS\System32\shlwapi.dll
[0319/211745.964:ERROR:process_memory_win.cc(73)] ReadMemory at 0x7ff8926c0000 of 64 bytes failed: Only part of a ReadProcessMemory or WriteProcessMemory request was completed. (0x12B)
[0319/211745.965:WARNING:pe_image_reader.cc(302)] could not read dos header from C:\WINDOWS\System32\GDI32.dll
[0319/211745.965:ERROR:process_memory_win.cc(73)] ReadMemory at 0x7ff890810000 of 64 bytes failed: Only part of a ReadProcessMemory or WriteProcessMemory request was completed. (0x12B)
[0319/211745.965:WARNING:pe_image_reader.cc(302)] could not read dos header from C:\WINDOWS\System32\gdi32full.dll
[0319/211745.965:ERROR:process_memory_win.cc(73)] ReadMemory at 0x7ff890dd0000 of 64 bytes failed: Only part of a ReadProcessMemory or WriteProcessMemory request was completed. (0x12B)
[0319/211745.965:WARNING:pe_image_reader.cc(302)] could not read dos header from C:\WINDOWS\System32\msvcp_win.dll
[0319/211745.965:ERROR:process_memory_win.cc(73)] ReadMemory at 0x7ff891820000 of 64 bytes failed: Only part of a ReadProcessMemory or WriteProcessMemory request was completed. (0x12B)
[0319/211745.965:WARNING:pe_image_reader.cc(302)] could not read dos header from C:\WINDOWS\System32\USER32.dll
[0319/211745.965:ERROR:process_memory_win.cc(73)] ReadMemory at 0x7ff890e70000 of 64 bytes failed: Only part of a ReadProcessMemory or WriteProcessMemory request was completed. (0x12B)
[0319/211745.965:WARNING:pe_image_reader.cc(302)] could not read dos header from C:\WINDOWS\System32\win32u.dll
[0319/211745.965:ERROR:process_memory_win.cc(73)] ReadMemory at 0x7ff890740000 of 64 bytes failed: Only part of a ReadProcessMemory or WriteProcessMemory request was completed. (0x12B)
[0319/211745.965:WARNING:pe_image_reader.cc(302)] could not read dos header from C:\WINDOWS\System32\kernel.appcore.dll
[0319/211745.965:ERROR:process_memory_win.cc(73)] ReadMemory at 0x7ff890710000 of 64 bytes failed: Only part of a ReadProcessMemory or WriteProcessMemory request was completed. (0x12B)
[0319/211745.965:WARNING:pe_image_reader.cc(302)] could not read dos header from C:\WINDOWS\System32\profapi.dll
[0319/211745.965:ERROR:process_memory_win.cc(73)] ReadMemory at 0x7ff8906a0000 of 64 bytes failed: Only part of a ReadProcessMemory or WriteProcessMemory request was completed. (0x12B)
[0319/211745.965:WARNING:pe_image_reader.cc(302)] could not read dos header from C:\WINDOWS\System32\powrprof.dll
[0319/211745.965:ERROR:process_memory_win.cc(73)] ReadMemory at 0x7ff890730000 of 64 bytes failed: Only part of a ReadProcessMemory or WriteProcessMemory request was completed. (0x12B)
[0319/211745.965:WARNING:pe_image_reader.cc(302)] could not read dos header from C:\WINDOWS\System32\FLTLIB.DLL
[0319/211745.965:ERROR:process_memory_win.cc(73)] ReadMemory at 0x7ff893e10000 of 64 bytes failed: Only part of a ReadProcessMemory or WriteProcessMemory request was completed. (0x12B)
[0319/211745.966:WARNING:pe_image_reader.cc(302)] could not read dos header from C:\WINDOWS\System32\PSAPI.DLL
[0319/211745.966:ERROR:process_memory_win.cc(73)] ReadMemory at 0x7ff858a30000 of 64 bytes failed: Only part of a ReadProcessMemory or WriteProcessMemory request was completed. (0x12B)
[0319/211745.966:WARNING:pe_image_reader.cc(302)] could not read dos header from C:\Program Files (x86)\Google\Chrome\Application\72.0.3626.121\chrome_elf.dll
[0319/211745.966:ERROR:process_memory_win.cc(73)] ReadMemory at 0x7ff887230000 of 64 bytes failed: Only part of a ReadProcessMemory or WriteProcessMemory request was completed. (0x12B)
[0319/211745.966:WARNING:pe_image_reader.cc(302)] could not read dos header from C:\WINDOWS\SYSTEM32\VERSION.dll
[0319/211745.966:ERROR:process_memory_win.cc(73)] ReadMemory at 0x7ff883630000 of 64 bytes failed: Only part of a ReadProcessMemory or WriteProcessMemory request was completed. (0x12B)
[0319/211745.966:WARNING:pe_image_reader.cc(302)] could not read dos header from C:\WINDOWS\SYSTEM32\WINMM.dll
[0319/211745.966:ERROR:process_memory_win.cc(73)] ReadMemory at 0x7ff8905d0000 of 64 bytes failed: Only part of a ReadProcessMemory or WriteProcessMemory request was completed. (0x12B)
[0319/211745.966:WARNING:pe_image_reader.cc(302)] could not read dos header from C:\WINDOWS\SYSTEM32\USERENV.dll
[0319/211745.966:ERROR:process_memory_win.cc(73)] ReadMemory at 0x7ff883600000 of 64 bytes failed: Only part of a ReadProcessMemory or WriteProcessMemory request was completed. (0x12B)
[0319/211745.966:WARNING:pe_image_reader.cc(302)] could not read dos header from C:\WINDOWS\SYSTEM32\WINMMBASE.dll
[0319/211745.967:ERROR:process_memory_win.cc(73)] ReadMemory at 0x7ff890090000 of 64 bytes failed: Only part of a ReadProcessMemory or WriteProcessMemory request was completed. (0x12B)
[0319/211745.967:WARNING:pe_image_reader.cc(302)] could not read dos header from C:\WINDOWS\SYSTEM32\CRYPTBASE.DLL
[0319/211745.967:ERROR:process_memory_win.cc(73)] ReadMemory at 0x7ff893e20000 of 64 bytes failed: Only part of a ReadProcessMemory or WriteProcessMemory request was completed. (0x12B)
[0319/211745.967:WARNING:pe_image_reader.cc(302)] could not read dos header from C:\WINDOWS\System32\IMM32.DLL
[0319/211745.967:ERROR:process_memory_win.cc(73)] ReadMemory at 0x7ff84f620000 of 64 bytes failed: Only part of a ReadProcessMemory or WriteProcessMemory request was completed. (0x12B)
[0319/211745.967:WARNING:pe_image_reader.cc(302)] could not read dos header from C:\Program Files (x86)\Google\Chrome\Application\72.0.3626.121\chrome_child.dll
[0319/211745.967:ERROR:process_memory_win.cc(73)] ReadMemory at 0x7ff892650000 of 64 bytes failed: Only part of a ReadProcessMemory or WriteProcessMemory request was completed. (0x12B)
[0319/211745.967:WARNING:pe_image_reader.cc(302)] could not read dos header from C:\WINDOWS\System32\WS2_32.dll
[0319/211745.967:ERROR:process_memory_win.cc(73)] ReadMemory at 0x1c987cb0000 of 64 bytes failed: Only part of a ReadProcessMemory or WriteProcessMemory request was completed. (0x12B)
[0319/211745.967:WARNING:pe_image_reader.cc(302)] could not read dos header from C:\WINDOWS\System32\ole32.dll
[0319/211745.967:ERROR:process_memory_win.cc(73)] ReadMemory at 0x7ff894290000 of 64 bytes failed: Only part of a ReadProcessMemory or WriteProcessMemory request was completed. (0x12B)
[0319/211745.967:WARNING:pe_image_reader.cc(302)] could not read dos header from C:\WINDOWS\System32\OLEAUT32.dll
[0319/211745.967:ERROR:process_memory_win.cc(73)] ReadMemory at 0x7ff890760000 of 64 bytes failed: Only part of a ReadProcessMemory or WriteProcessMemory request was completed. (0x12B)
[0319/211745.967:WARNING:pe_image_reader.cc(302)] could not read dos header from C:\WINDOWS\System32\WINTRUST.dll
[0319/211745.967:ERROR:process_memory_win.cc(73)] ReadMemory at 0x7ff8906f0000 of 64 bytes failed: Only part of a ReadProcessMemory or WriteProcessMemory request was completed. (0x12B)
[0319/211745.967:WARNING:pe_image_reader.cc(302)] could not read dos header from C:\WINDOWS\System32\MSASN1.dll
[0319/211745.967:ERROR:process_memory_win.cc(73)] ReadMemory at 0x7ff8909b0000 of 64 bytes failed: Only part of a ReadProcessMemory or WriteProcessMemory request was completed. (0x12B)
[0319/211745.967:WARNING:pe_image_reader.cc(302)] could not read dos header from C:\WINDOWS\System32\CRYPT32.dll
[0319/211745.968:ERROR:process_memory_win.cc(73)] ReadMemory at 0x7ff892500000 of 64 bytes failed: Only part of a ReadProcessMemory or WriteProcessMemory request was completed. (0x12B)
[0319/211745.968:WARNING:pe_image_reader.cc(302)] could not read dos header from C:\WINDOWS\System32\COMDLG32.dll
[0319/211745.968:ERROR:process_memory_win.cc(73)] ReadMemory at 0x7ff88fc40000 of 64 bytes failed: Only part of a ReadProcessMemory or WriteProcessMemory request was completed. (0x12B)
[0319/211745.968:WARNING:pe_image_reader.cc(302)] could not read dos header from C:\WINDOWS\SYSTEM32\IPHLPAPI.DLL
[0319/211745.968:ERROR:process_memory_win.cc(73)] ReadMemory at 0x7ff8801e0000 of 64 bytes failed: Only part of a ReadProcessMemory or WriteProcessMemory request was completed. (0x12B)
[0319/211745.968:WARNING:pe_image_reader.cc(302)] could not read dos header from C:\WINDOWS\SYSTEM32\OLEACC.dll
[0319/211745.968:ERROR:process_memory_win.cc(73)] ReadMemory at 0x7ff87fe80000 of 64 bytes failed: Only part of a ReadProcessMemory or WriteProcessMemory request was completed. (0x12B)
[0319/211745.968:WARNING:pe_image_reader.cc(302)] could not read dos header from C:\WINDOWS\SYSTEM32\DWrite.dll
[0319/211745.968:ERROR:process_memory_win.cc(73)] ReadMemory at 0x7ff88f460000 of 64 bytes failed: Only part of a ReadProcessMemory or WriteProcessMemory request was completed. (0x12B)
[0319/211745.968:WARNING:pe_image_reader.cc(302)] could not read dos header from C:\WINDOWS\SYSTEM32\dxgi.dll
[0319/211745.968:ERROR:process_memory_win.cc(73)] ReadMemory at 0x7ff882370000 of 64 bytes failed: Only part of a ReadProcessMemory or WriteProcessMemory request was completed. (0x12B)
[0319/211745.968:WARNING:pe_image_reader.cc(302)] could not read dos header from C:\WINDOWS\SYSTEM32\WINSPOOL.DRV
[0319/211745.968:ERROR:process_memory_win.cc(73)] ReadMemory at 0x7ff88b1f0000 of 64 bytes failed: Only part of a ReadProcessMemory or WriteProcessMemory request was completed. (0x12B)
[0319/211745.968:WARNING:pe_image_reader.cc(302)] could not read dos header from C:\WINDOWS\SYSTEM32\dbghelp.dll
[0319/211745.968:ERROR:process_memory_win.cc(73)] ReadMemory at 0x7ff86e260000 of 64 bytes failed: Only part of a ReadProcessMemory or WriteProcessMemory request was completed. (0x12B)
[0319/211745.968:WARNING:pe_image_reader.cc(302)] could not read dos header from C:\WINDOWS\SYSTEM32\USP10.dll
[0319/211745.968:ERROR:process_memory_win.cc(73)] ReadMemory at 0x7ff87d840000 of 64 bytes failed: Only part of a ReadProcessMemory or WriteProcessMemory request was completed. (0x12B)
[0319/211745.968:WARNING:pe_image_reader.cc(302)] could not read dos header from C:\WINDOWS\WinSxS\amd64_microsoft.windows.common-controls_6595b64144ccf1df_6.0.17134.648_none_fb45a0e93062a6d2\COMCTL32.dll
[0319/211745.968:ERROR:process_memory_win.cc(73)] ReadMemory at 0x7ff88b640000 of 64 bytes failed: Only part of a ReadProcessMemory or WriteProcessMemory request was completed. (0x12B)
[0319/211745.968:WARNING:pe_image_reader.cc(302)] could not read dos header from C:\WINDOWS\SYSTEM32\WINHTTP.dll
[0319/211745.968:ERROR:process_memory_win.cc(73)] ReadMemory at 0x7ff888a30000 of 64 bytes failed: Only part of a ReadProcessMemory or WriteProcessMemory request was completed. (0x12B)
[0319/211745.968:WARNING:pe_image_reader.cc(302)] could not read dos header from C:\WINDOWS\SYSTEM32\urlmon.dll
[0319/211745.968:ERROR:process_memory_win.cc(73)] ReadMemory at 0x7ff88ad90000 of 64 bytes failed: Only part of a ReadProcessMemory or WriteProcessMemory request was completed. (0x12B)
[0319/211745.969:WARNING:pe_image_reader.cc(302)] could not read dos header from C:\WINDOWS\SYSTEM32\Secur32.dll
[0319/211745.969:ERROR:process_memory_win.cc(73)] ReadMemory at 0x7ff88b0d0000 of 64 bytes failed: Only part of a ReadProcessMemory or WriteProcessMemory request was completed. (0x12B)
[0319/211745.969:WARNING:pe_image_reader.cc(302)] could not read dos header from C:\WINDOWS\SYSTEM32\dhcpcsvc.DLL
[0319/211745.969:ERROR:process_memory_win.cc(73)] ReadMemory at 0x7ff892460000 of 64 bytes failed: Only part of a ReadProcessMemory or WriteProcessMemory request was completed. (0x12B)
[0319/211745.969:WARNING:pe_image_reader.cc(302)] could not read dos header from C:\WINDOWS\System32\NSI.dll
[0319/211745.969:ERROR:process_memory_win.cc(73)] ReadMemory at 0x7ff88d090000 of 64 bytes failed: Only part of a ReadProcessMemory or WriteProcessMemory request was completed. (0x12B)
[0319/211745.969:WARNING:pe_image_reader.cc(302)] could not read dos header from C:\WINDOWS\SYSTEM32\PROPSYS.dll
[0319/211745.969:ERROR:process_memory_win.cc(73)] ReadMemory at 0x7ff8901a0000 of 64 bytes failed: Only part of a ReadProcessMemory or WriteProcessMemory request was completed. (0x12B)
[0319/211745.969:WARNING:pe_image_reader.cc(302)] could not read dos header from C:\WINDOWS\SYSTEM32\bcrypt.dll
[0319/211745.969:ERROR:process_memory_win.cc(73)] ReadMemory at 0x7ff885fc0000 of 64 bytes failed: Only part of a ReadProcessMemory or WriteProcessMemory request was completed. (0x12B)
[0319/211745.969:WARNING:pe_image_reader.cc(302)] could not read dos header from C:\WINDOWS\SYSTEM32\iertutil.dll
[0319/211745.969:ERROR:process_memory_win.cc(73)] ReadMemory at 0x7ff8905a0000 of 64 bytes failed: Only part of a ReadProcessMemory or WriteProcessMemory request was completed. (0x12B)
[0319/211745.969:WARNING:pe_image_reader.cc(302)] could not read dos header from C:\WINDOWS\SYSTEM32\SSPICLI.DLL
[0319/211746.237:ERROR:process_memory_win.cc(73)] ReadMemory at 0xb5f8bf5000 of 45056 bytes failed: Only part of a ReadProcessMemory or WriteProcessMemory request was completed. (0x12B)
[0319/211746.237:ERROR:process_memory_win.cc(73)] ReadMemory at 0xb5f8dfe000 of 8192 bytes failed: Only part of a ReadProcessMemory or WriteProcessMemory request was completed. (0x12B)
[0319/211746.237:ERROR:process_memory_win.cc(73)] ReadMemory at 0xb5f8ffc000 of 16384 bytes failed: Only part of a ReadProcessMemory or WriteProcessMemory request was completed. (0x12B)
[0319/211746.237:ERROR:process_memory_win.cc(73)] ReadMemory at 0xb5f91f6000 of 40960 bytes failed: Only part of a ReadProcessMemory or WriteProcessMemory request was completed. (0x12B)
[0319/211746.237:ERROR:process_memory_win.cc(73)] ReadMemory at 0xb5f93fe000 of 8192 bytes failed: Only part of a ReadProcessMemory or WriteProcessMemory request was completed. (0x12B)
[0319/211746.237:ERROR:process_memory_win.cc(73)] ReadMemory at 0xb5f95fd000 of 12288 bytes failed: Only part of a ReadProcessMemory or WriteProcessMemory request was completed. (0x12B)
[0319/211746.238:ERROR:process_memory_win.cc(73)] ReadMemory at 0xb5f97fd000 of 12288 bytes failed: Only part of a ReadProcessMemory or WriteProcessMemory request was completed. (0x12B)
[0319/211746.238:ERROR:process_memory_win.cc(73)] ReadMemory at 0xb5f99fe000 of 8192 bytes failed: Only part of a ReadProcessMemory or WriteProcessMemory request was completed. (0x12B)
[0319/211746.238:ERROR:process_memory_win.cc(73)] ReadMemory at 0xb5f9bfd000 of 12288 bytes failed: Only part of a ReadProcessMemory or WriteProcessMemory request was completed. (0x12B)
[0319/211746.238:ERROR:process_memory_win.cc(73)] ReadMemory at 0xb5f9dfd000 of 12288 bytes failed: Only part of a ReadProcessMemory or WriteProcessMemory request was completed. (0x12B)
[0319/211746.238:ERROR:process_memory_win.cc(73)] ReadMemory at 0xb5f9fea000 of 90112 bytes failed: Only part of a ReadProcessMemory or WriteProcessMemory request was completed. (0x12B)
[0319/211746.238:ERROR:process_memory_win.cc(73)] ReadMemory at 0xb5fa1e9000 of 94208 bytes failed: Only part of a ReadProcessMemory or WriteProcessMemory request was completed. (0x12B)
[0319/211746.238:ERROR:process_memory_win.cc(73)] ReadMemory at 0xb5fa3fe000 of 8192 bytes failed: Only part of a ReadProcessMemory or WriteProcessMemory request was completed. (0x12B)
[0319/211746.239:ERROR:process_memory_win.cc(73)] ReadMemory at 0xb5fa5fc000 of 16384 bytes failed: Only part of a ReadProcessMemory or WriteProcessMemory request was completed. (0x12B)
[0319/211746.239:ERROR:process_memory_win.cc(73)] ReadMemory at 0xb5fa9fc000 of 16384 bytes failed: Only part of a ReadProcessMemory or WriteProcessMemory request was completed. (0x12B)
[0319/211746.239:ERROR:process_memory_win.cc(73)] ReadMemory at 0xb5fa7fe000 of 8192 bytes failed: Only part of a ReadProcessMemory or WriteProcessMemory request was completed. (0x12B)
[0319/211746.239:ERROR:process_memory_win.cc(73)] ReadMemory at 0xb5fabfd000 of 12288 bytes failed: Only part of a ReadProcessMemory or WriteProcessMemory request was completed. (0x12B)
[0319/211746.239:ERROR:process_memory_win.cc(73)] ReadMemory at 0xb5f8847000 of 852 bytes failed: Only part of a ReadProcessMemory or WriteProcessMemory request was completed. (0x12B)
[0319/211746.239:ERROR:process_memory_win.cc(73)] ReadMemory at 0xb5f8848000 of 6024 bytes failed: Only part of a ReadProcessMemory or WriteProcessMemory request was completed. (0x12B)
[0319/211746.239:ERROR:process_memory_win.cc(73)] ReadMemory at 0xb5f884a000 of 6024 bytes failed: Only part of a ReadProcessMemory or WriteProcessMemory request was completed. (0x12B)
[0319/211746.240:ERROR:process_memory_win.cc(73)] ReadMemory at 0xb5f884c000 of 6024 bytes failed: Only part of a ReadProcessMemory or WriteProcessMemory request was completed. (0x12B)
[0319/211746.240:ERROR:process_memory_win.cc(73)] ReadMemory at 0xb5f884e000 of 6024 bytes failed: Only part of a ReadProcessMemory or WriteProcessMemory request was completed. (0x12B)
[0319/211746.240:ERROR:process_memory_win.cc(73)] ReadMemory at 0xb5f8850000 of 6024 bytes failed: Only part of a ReadProcessMemory or WriteProcessMemory request was completed. (0x12B)
[0319/211746.240:ERROR:process_memory_win.cc(73)] ReadMemory at 0xb5f8852000 of 6024 bytes failed: Only part of a ReadProcessMemory or WriteProcessMemory request was completed. (0x12B)
[0319/211746.240:ERROR:process_memory_win.cc(73)] ReadMemory at 0xb5f8854000 of 6024 bytes failed: Only part of a ReadProcessMemory or WriteProcessMemory request was completed. (0x12B)
[0319/211746.240:ERROR:process_memory_win.cc(73)] ReadMemory at 0xb5f8856000 of 6024 bytes failed: Only part of a ReadProcessMemory or WriteProcessMemory request was completed. (0x12B)
[0319/211746.240:ERROR:process_memory_win.cc(73)] ReadMemory at 0xb5f8858000 of 6024 bytes failed: Only part of a ReadProcessMemory or WriteProcessMemory request was completed. (0x12B)
[0319/211746.240:ERROR:process_memory_win.cc(73)] ReadMemory at 0xb5f885a000 of 6024 bytes failed: Only part of a ReadProcessMemory or WriteProcessMemory request was completed. (0x12B)
[0319/211746.241:ERROR:process_memory_win.cc(73)] ReadMemory at 0xb5f885c000 of 6024 bytes failed: Only part of a ReadProcessMemory or WriteProcessMemory request was completed. (0x12B)
[0319/211746.241:ERROR:process_memory_win.cc(73)] ReadMemory at 0xb5f885e000 of 6024 bytes failed: Only part of a ReadProcessMemory or WriteProcessMemory request was completed. (0x12B)
[0319/211746.241:ERROR:process_memory_win.cc(73)] ReadMemory at 0xb5f8860000 of 6024 bytes failed: Only part of a ReadProcessMemory or WriteProcessMemory request was completed. (0x12B)
[0319/211746.241:ERROR:process_memory_win.cc(73)] ReadMemory at 0xb5f8862000 of 6024 bytes failed: Only part of a ReadProcessMemory or WriteProcessMemory request was completed. (0x12B)
[0319/211746.241:ERROR:process_memory_win.cc(73)] ReadMemory at 0xb5f8866000 of 6024 bytes failed: Only part of a ReadProcessMemory or WriteProcessMemory request was completed. (0x12B)
[0319/211746.241:ERROR:process_memory_win.cc(73)] ReadMemory at 0xb5f8868000 of 6024 bytes failed: Only part of a ReadProcessMemory or WriteProcessMemory request was completed. (0x12B)
[0319/211746.242:ERROR:process_memory_win.cc(73)] ReadMemory at 0xb5f886a000 of 6024 bytes failed: Only part of a ReadProcessMemory or WriteProcessMemory request was completed. (0x12B)
[0319/211746.242:ERROR:process_memory_win.cc(73)] ReadMemory at 0x1c987660ab0 of 512 bytes failed: Only part of a ReadProcessMemory or WriteProcessMemory request was completed. (0x12B)
[0319/211746.242:ERROR:process_memory_win.cc(73)] ReadMemory at 0x1c987660fc0 of 10244 bytes failed: Only part of a ReadProcessMemory or WriteProcessMemory request was completed. (0x12B)
[0319/211746.242:ERROR:process_memory_win.cc(73)] ReadMemory at 0x1c9876637d0 of 1012 bytes failed: Only part of a ReadProcessMemory or WriteProcessMemory request was completed. (0x12B)
[0319/211746.242:ERROR:process_memory_win.cc(73)] ReadMemory at 0x1c987663de8 of 118 bytes failed: Only part of a ReadProcessMemory or WriteProcessMemory request was completed. (0x12B)
[0319/211746.242:ERROR:process_memory_win.cc(73)] ReadMemory at 0x1c987663e60 of 1042 bytes failed: Only part of a ReadProcessMemory or WriteProcessMemory request was completed. (0x12B)
[0319/211746.243:ERROR:process_memory_win.cc(73)] ReadMemory at 0x1c987664274 of 118 bytes failed: Only part of a ReadProcessMemory or WriteProcessMemory request was completed. (0x12B)
[0319/211746.243:ERROR:process_memory_win.cc(73)] ReadMemory at 0x1c9876642ec of 100 bytes failed: Only part of a ReadProcessMemory or WriteProcessMemory request was completed. (0x12B)
[0319/211746.243:ERROR:process_memory_win.cc(73)] ReadMemory at 0x1c987664360 of 58 bytes failed: Only part of a ReadProcessMemory or WriteProcessMemory request was completed. (0x12B)
[0319/211746.243:ERROR:process_memory_win.cc(73)] ReadMemory at 0x1c987664460 of 132 bytes failed: Only part of a ReadProcessMemory or WriteProcessMemory request was completed. (0x12B)
[0319/211746.353:ERROR:process_memory_win.cc(73)] ReadMemory at 0x1c9876645f0 of 132 bytes failed: Only part of a ReadProcessMemory or WriteProcessMemory request was completed. (0x12B)
[0319/211746.353:ERROR:process_memory_win.cc(73)] ReadMemory at 0x1c9876647b0 of 126 bytes failed: Only part of a ReadProcessMemory or WriteProcessMemory request was completed. (0x12B)
[0319/211746.353:ERROR:process_memory_win.cc(73)] ReadMemory at 0x1c987664b90 of 132 bytes failed: Only part of a ReadProcessMemory or WriteProcessMemory request was completed. (0x12B)
[0319/211746.354:ERROR:process_memory_win.cc(73)] ReadMemory at 0x1c987664d20 of 64 bytes failed: Only part of a ReadProcessMemory or WriteProcessMemory request was completed. (0x12B)
[0319/211746.354:ERROR:process_memory_win.cc(73)] ReadMemory at 0x1c987664e80 of 132 bytes failed: Only part of a ReadProcessMemory or WriteProcessMemory request was completed. (0x12B)
[0319/211746.354:ERROR:process_memory_win.cc(73)] ReadMemory at 0x1c987665080 of 62 bytes failed: Only part of a ReadProcessMemory or WriteProcessMemory request was completed. (0x12B)
[0319/211746.354:ERROR:process_memory_win.cc(73)] ReadMemory at 0x1c987665170 of 132 bytes failed: Only part of a ReadProcessMemory or WriteProcessMemory request was completed. (0x12B)
[0319/211746.354:ERROR:process_memory_win.cc(73)] ReadMemory at 0x1c987665300 of 68 bytes failed: Only part of a ReadProcessMemory or WriteProcessMemory request was completed. (0x12B)
[0319/211746.354:ERROR:process_memory_win.cc(73)] ReadMemory at 0x1c98766b780 of 132 bytes failed: Only part of a ReadProcessMemory or WriteProcessMemory request was completed. (0x12B)
[0319/211746.354:ERROR:process_memory_win.cc(73)] ReadMemory at 0x1c98766b9c0 of 132 bytes failed: Only part of a ReadProcessMemory or WriteProcessMemory request was completed. (0x12B)
[0319/211746.354:ERROR:process_memory_win.cc(73)] ReadMemory at 0x1c98766bb50 of 62 bytes failed: Only part of a ReadProcessMemory or WriteProcessMemory request was completed. (0x12B)
[0319/211746.354:ERROR:process_memory_win.cc(73)] ReadMemory at 0x1c98766d2c0 of 132 bytes failed: Only part of a ReadProcessMemory or WriteProcessMemory request was completed. (0x12B)
[0319/211746.354:ERROR:process_memory_win.cc(73)] ReadMemory at 0x1c98766d450 of 60 bytes failed: Only part of a ReadProcessMemory or WriteProcessMemory request was completed. (0x12B)
[0319/211746.354:ERROR:process_memory_win.cc(73)] ReadMemory at 0x1c98766d4a0 of 158 bytes failed: Only part of a ReadProcessMemory or WriteProcessMemory request was completed. (0x12B)
[0319/211746.354:ERROR:process_memory_win.cc(73)] ReadMemory at 0x1c98766d6a0 of 132 bytes failed: Only part of a ReadProcessMemory or WriteProcessMemory request was completed. (0x12B)
[0319/211746.354:ERROR:process_memory_win.cc(73)] ReadMemory at 0x1c98766d830 of 64 bytes failed: Only part of a ReadProcessMemory or WriteProcessMemory request was completed. (0x12B)
[0319/211746.355:ERROR:process_memory_win.cc(73)] ReadMemory at 0x1c98766dab0 of 132 bytes failed: Only part of a ReadProcessMemory or WriteProcessMemory request was completed. (0x12B)
[0319/211746.355:ERROR:process_memory_win.cc(73)] ReadMemory at 0x1c98766dc40 of 64 bytes failed: Only part of a ReadProcessMemory or WriteProcessMemory request was completed. (0x12B)
[0319/211746.355:ERROR:process_memory_win.cc(73)] ReadMemory at 0x1c98766dea0 of 132 bytes failed: Only part of a ReadProcessMemory or WriteProcessMemory request was completed. (0x12B)
[0319/211746.355:ERROR:process_memory_win.cc(73)] ReadMemory at 0x1c98766e030 of 60 bytes failed: Only part of a ReadProcessMemory or WriteProcessMemory request was completed. (0x12B)
[0319/211746.355:ERROR:process_memory_win.cc(73)] ReadMemory at 0x1c98766e350 of 132 bytes failed: Only part of a ReadProcessMemory or WriteProcessMemory request was completed. (0x12B)
[0319/211746.355:ERROR:process_memory_win.cc(73)] ReadMemory at 0x1c98766e4e0 of 60 bytes failed: Only part of a ReadProcessMemory or WriteProcessMemory request was completed. (0x12B)
[0319/211746.355:ERROR:process_memory_win.cc(73)] ReadMemory at 0x1c98766e720 of 132 bytes failed: Only part of a ReadProcessMemory or WriteProcessMemory request was completed. (0x12B)
[0319/211746.355:ERROR:process_memory_win.cc(73)] ReadMemory at 0x1c98766e8b0 of 62 bytes failed: Only part of a ReadProcessMemory or WriteProcessMemory request was completed. (0x12B)
[0319/211746.355:ERROR:process_memory_win.cc(73)] ReadMemory at 0x1c98766f400 of 132 bytes failed: Only part of a ReadProcessMemory or WriteProcessMemory request was completed. (0x12B)
[0319/211746.355:ERROR:process_memory_win.cc(73)] ReadMemory at 0x1c98766f700 of 78 bytes failed: Only part of a ReadProcessMemory or WriteProcessMemory request was completed. (0x12B)
[0319/211746.355:ERROR:process_memory_win.cc(73)] ReadMemory at 0x1c98766f880 of 80 bytes failed: Only part of a ReadProcessMemory or WriteProcessMemory request was completed. (0x12B)
[0319/211746.355:ERROR:process_memory_win.cc(73)] ReadMemory at 0x1c98766fc40 of 76 bytes failed: Only part of a ReadProcessMemory or WriteProcessMemory request was completed. (0x12B)
[0319/211746.355:ERROR:process_memory_win.cc(73)] ReadMemory at 0x1c98766fed0 of 132 bytes failed: Only part of a ReadProcessMemory or WriteProcessMemory request was completed. (0x12B)
[0319/211746.355:ERROR:process_memory_win.cc(73)] ReadMemory at 0x1c987670000 of 246 bytes failed: Only part of a ReadProcessMemory or WriteProcessMemory request was completed. (0x12B)
[0319/211746.356:ERROR:process_memory_win.cc(73)] ReadMemory at 0x1c9876703b0 of 132 bytes failed: Only part of a ReadProcessMemory or WriteProcessMemory request was completed. (0x12B)
[0319/211746.356:ERROR:process_memory_win.cc(73)] ReadMemory at 0x1c9876704e0 of 64 bytes failed: Only part of a ReadProcessMemory or WriteProcessMemory request was completed. (0x12B)
[0319/211746.356:ERROR:process_memory_win.cc(73)] ReadMemory at 0x1c987671650 of 132 bytes failed: Only part of a ReadProcessMemory or WriteProcessMemory request was completed. (0x12B)
[0319/211746.356:ERROR:process_memory_win.cc(73)] ReadMemory at 0x1c987671820 of 58 bytes failed: Only part of a ReadProcessMemory or WriteProcessMemory request was completed. (0x12B)
[0319/211746.356:ERROR:process_memory_win.cc(73)] ReadMemory at 0x1c9876718c0 of 62 bytes failed: Only part of a ReadProcessMemory or WriteProcessMemory request was completed. (0x12B)
[0319/211746.356:ERROR:process_memory_win.cc(73)] ReadMemory at 0x1c987671910 of 66 bytes failed: Only part of a ReadProcessMemory or WriteProcessMemory request was completed. (0x12B)
[0319/211746.356:ERROR:process_memory_win.cc(73)] ReadMemory at 0x1c987671960 of 58 bytes failed: Only part of a ReadProcessMemory or WriteProcessMemory request was completed. (0x12B)
[0319/211746.356:ERROR:process_memory_win.cc(73)] ReadMemory at 0x1c9876719b0 of 62 bytes failed: Only part of a ReadProcessMemory or WriteProcessMemory request was completed. (0x12B)
[0319/211746.356:ERROR:process_memory_win.cc(73)] ReadMemory at 0x1c987671a00 of 60 bytes failed: Only part of a ReadProcessMemory or WriteProcessMemory request was completed. (0x12B)
[0319/211746.356:ERROR:process_memory_win.cc(73)] ReadMemory at 0x1c987671a50 of 62 bytes failed: Only part of a ReadProcessMemory or WriteProcessMemory request was completed. (0x12B)
[0319/211746.356:ERROR:process_memory_win.cc(73)] ReadMemory at 0x1c987671af0 of 66 bytes failed: Only part of a ReadProcessMemory or WriteProcessMemory request was completed. (0x12B)
[0319/211746.356:ERROR:process_memory_win.cc(73)] ReadMemory at 0x1c987671b40 of 64 bytes failed: Only part of a ReadProcessMemory or WriteProcessMemory request was completed. (0x12B)
[0319/211746.357:ERROR:process_memory_win.cc(73)] ReadMemory at 0x1c987671b90 of 58 bytes failed: Only part of a ReadProcessMemory or WriteProcessMemory request was completed. (0x12B)
[0319/211746.357:ERROR:process_memory_win.cc(73)] ReadMemory at 0x1c987671d20 of 62 bytes failed: Only part of a ReadProcessMemory or WriteProcessMemory request was completed. (0x12B)
[0319/211746.357:ERROR:process_memory_win.cc(73)] ReadMemory at 0x1c987671dc0 of 60 bytes failed: Only part of a ReadProcessMemory or WriteProcessMemory request was completed. (0x12B)
[0319/211746.357:ERROR:process_memory_win.cc(73)] ReadMemory at 0x1c987671e60 of 60 bytes failed: Only part of a ReadProcessMemory or WriteProcessMemory request was completed. (0x12B)
[0319/211746.357:ERROR:process_memory_win.cc(73)] ReadMemory at 0x1c987671eb0 of 62 bytes failed: Only part of a ReadProcessMemory or WriteProcessMemory request was completed. (0x12B)
[0319/211746.357:ERROR:process_memory_win.cc(73)] ReadMemory at 0x1c987671f00 of 64 bytes failed: Only part of a ReadProcessMemory or WriteProcessMemory request was completed. (0x12B)
[0319/211746.357:ERROR:process_memory_win.cc(73)] ReadMemory at 0x1c9876720b0 of 132 bytes failed: Only part of a ReadProcessMemory or WriteProcessMemory request was completed. (0x12B)
[0319/211746.357:ERROR:process_memory_win.cc(73)] ReadMemory at 0x1c9876721e0 of 132 bytes failed: Only part of a ReadProcessMemory or WriteProcessMemory request was completed. (0x12B)
[0319/211746.357:ERROR:process_memory_win.cc(73)] ReadMemory at 0x1c987672310 of 132 bytes failed: Only part of a ReadProcessMemory or WriteProcessMemory request was completed. (0x12B)
[0319/211746.357:ERROR:process_memory_win.cc(73)] ReadMemory at 0x1c987672440 of 132 bytes failed: Only part of a ReadProcessMemory or WriteProcessMemory request was completed. (0x12B)
[0319/211746.357:ERROR:process_memory_win.cc(73)] ReadMemory at 0x1c987672570 of 132 bytes failed: Only part of a ReadProcessMemory or WriteProcessMemory request was completed. (0x12B)
[0319/211746.357:ERROR:process_memory_win.cc(73)] ReadMemory at 0x1c9876726a0 of 132 bytes failed: Only part of a ReadProcessMemory or WriteProcessMemory request was completed. (0x12B)
[0319/211746.357:ERROR:process_memory_win.cc(73)] ReadMemory at 0x1c9876727d0 of 132 bytes failed: Only part of a ReadProcessMemory or WriteProcessMemory request was completed. (0x12B)
[0319/211746.357:ERROR:process_memory_win.cc(73)] ReadMemory at 0x1c987672900 of 132 bytes failed: Only part of a ReadProcessMemory or WriteProcessMemory request was completed. (0x12B)
[0319/211746.358:ERROR:process_memory_win.cc(73)] ReadMemory at 0x1c987672a30 of 132 bytes failed: Only part of a ReadProcessMemory or WriteProcessMemory request was completed. (0x12B)
[0319/211746.358:ERROR:process_memory_win.cc(73)] ReadMemory at 0x1c987672b60 of 132 bytes failed: Only part of a ReadProcessMemory or WriteProcessMemory request was completed. (0x12B)
[0319/211746.358:ERROR:process_memory_win.cc(73)] ReadMemory at 0x1c987672c90 of 132 bytes failed: Only part of a ReadProcessMemory or WriteProcessMemory request was completed. (0x12B)
[0319/211746.358:ERROR:process_memory_win.cc(73)] ReadMemory at 0x1c987672dc0 of 132 bytes failed: Only part of a ReadProcessMemory or WriteProcessMemory request was completed. (0x12B)
[0319/211746.358:ERROR:process_memory_win.cc(73)] ReadMemory at 0x1c987672ef0 of 132 bytes failed: Only part of a ReadProcessMemory or WriteProcessMemory request was completed. (0x12B)
[0319/211746.358:ERROR:process_memory_win.cc(73)] ReadMemory at 0x1c987674c30 of 132 bytes failed: Only part of a ReadProcessMemory or WriteProcessMemory request was completed. (0x12B)
[0319/211746.358:ERROR:process_memory_win.cc(73)] ReadMemory at 0x1c987674d60 of 132 bytes failed: Only part of a ReadProcessMemory or WriteProcessMemory request was completed. (0x12B)
[0319/211746.358:ERROR:process_memory_win.cc(73)] ReadMemory at 0x1c987674e90 of 132 bytes failed: Only part of a ReadProcessMemory or WriteProcessMemory request was completed. (0x12B)
[0319/211746.657:ERROR:process_memory_win.cc(73)] ReadMemory at 0x1c9876750f0 of 132 bytes failed: Only part of a ReadProcessMemory or WriteProcessMemory request was completed. (0x12B)
[0319/211746.657:ERROR:process_memory_win.cc(73)] ReadMemory at 0x1c987675220 of 132 bytes failed: Only part of a ReadProcessMemory or WriteProcessMemory request was completed. (0x12B)
[0319/211746.657:ERROR:process_memory_win.cc(73)] ReadMemory at 0x1c987675350 of 132 bytes failed: Only part of a ReadProcessMemory or WriteProcessMemory request was completed. (0x12B)
[0319/211746.657:ERROR:process_memory_win.cc(73)] ReadMemory at 0x1c987675480 of 132 bytes failed: Only part of a ReadProcessMemory or WriteProcessMemory request was completed. (0x12B)
[0319/211746.657:ERROR:process_memory_win.cc(73)] ReadMemory at 0x1c9876755b0 of 132 bytes failed: Only part of a ReadProcessMemory or WriteProcessMemory request was completed. (0x12B)
[0319/211746.657:ERROR:process_memory_win.cc(73)] ReadMemory at 0x1c9876756e0 of 132 bytes failed: Only part of a ReadProcessMemory or WriteProcessMemory request was completed. (0x12B)
[0319/211746.657:ERROR:process_memory_win.cc(73)] ReadMemory at 0x1c987675810 of 132 bytes failed: Only part of a ReadProcessMemory or WriteProcessMemory request was completed. (0x12B)
[0319/211746.658:ERROR:process_memory_win.cc(73)] ReadMemory at 0x1c987675940 of 132 bytes failed: Only part of a ReadProcessMemory or WriteProcessMemory request was completed. (0x12B)
[0319/211746.658:ERROR:process_memory_win.cc(73)] ReadMemory at 0x1c987675a70 of 132 bytes failed: Only part of a ReadProcessMemory or WriteProcessMemory request was completed. (0x12B)
[0319/211746.658:ERROR:process_memory_win.cc(73)] ReadMemory at 0x1c987675ba0 of 132 bytes failed: Only part of a ReadProcessMemory or WriteProcessMemory request was completed. (0x12B)
[0319/211746.658:ERROR:process_memory_win.cc(73)] ReadMemory at 0x1c987675cd0 of 132 bytes failed: Only part of a ReadProcessMemory or WriteProcessMemory request was completed. (0x12B)
[0319/211746.658:ERROR:process_memory_win.cc(73)] ReadMemory at 0x1c987675e00 of 132 bytes failed: Only part of a ReadProcessMemory or WriteProcessMemory request was completed. (0x12B)
[0319/211746.658:ERROR:process_memory_win.cc(73)] ReadMemory at 0x1c987675f30 of 132 bytes failed: Only part of a ReadProcessMemory or WriteProcessMemory request was completed. (0x12B)
[0319/211746.802:ERROR:process_memory_win.cc(73)] ReadMemory at 0x1c987676060 of 132 bytes failed: Only part of a ReadProcessMemory or WriteProcessMemory request was completed. (0x12B)
[0319/211746.803:ERROR:process_memory_win.cc(73)] ReadMemory at 0x1c987676190 of 132 bytes failed: Only part of a ReadProcessMemory or WriteProcessMemory request was completed. (0x12B)
[0319/211746.803:ERROR:process_memory_win.cc(73)] ReadMemory at 0x1c9876762c0 of 132 bytes failed: Only part of a ReadProcessMemory or WriteProcessMemory request was completed. (0x12B)
[0319/211746.803:ERROR:process_memory_win.cc(73)] ReadMemory at 0x1c9876763f0 of 132 bytes failed: Only part of a ReadProcessMemory or WriteProcessMemory request was completed. (0x12B)
[0319/211746.803:ERROR:process_memory_win.cc(73)] ReadMemory at 0x1c987676520 of 132 bytes failed: Only part of a ReadProcessMemory or WriteProcessMemory request was completed. (0x12B)
[0319/211746.803:ERROR:process_memory_win.cc(73)] ReadMemory at 0x1c987676650 of 132 bytes failed: Only part of a ReadProcessMemory or WriteProcessMemory request was completed. (0x12B)
[0319/211746.803:ERROR:process_memory_win.cc(73)] ReadMemory at 0x1c987676780 of 132 bytes failed: Only part of a ReadProcessMemory or WriteProcessMemory request was completed. (0x12B)
[0319/211746.803:ERROR:process_memory_win.cc(73)] ReadMemory at 0x1c9876768b0 of 132 bytes failed: Only part of a ReadProcessMemory or WriteProcessMemory request was completed. (0x12B)
[0319/211746.803:ERROR:process_memory_win.cc(73)] ReadMemory at 0x1c987677ad0 of 154 bytes failed: Only part of a ReadProcessMemory or WriteProcessMemory request was completed. (0x12B)
[0319/211746.803:ERROR:process_memory_win.cc(73)] ReadMemory at 0x1c98767aee0 of 66 bytes failed: Only part of a ReadProcessMemory or WriteProcessMemory request was completed. (0x12B)
[0319/211746.803:ERROR:process_memory_win.cc(73)] ReadMemory at 0x1c98767b070 of 58 bytes failed: Only part of a ReadProcessMemory or WriteProcessMemory request was completed. (0x12B)
[0319/211746.803:ERROR:process_memory_win.cc(73)] ReadMemory at 0x1c98767b110 of 64 bytes failed: Only part of a ReadProcessMemory or WriteProcessMemory request was completed. (0x12B)
[0319/211746.803:ERROR:process_memory_win.cc(73)] ReadMemory at 0x1c98767b1b0 of 60 bytes failed: Only part of a ReadProcessMemory or WriteProcessMemory request was completed. (0x12B)
[0319/211746.803:ERROR:process_memory_win.cc(73)] ReadMemory at 0x1c98767b250 of 62 bytes failed: Only part of a ReadProcessMemory or WriteProcessMemory request was completed. (0x12B)
[0319/211746.804:ERROR:process_memory_win.cc(73)] ReadMemory at 0x1c98767b390 of 64 bytes failed: Only part of a ReadProcessMemory or WriteProcessMemory request was completed. (0x12B)
[0319/211746.804:ERROR:process_memory_win.cc(73)] ReadMemory at 0x1c98767b3e0 of 66 bytes failed: Only part of a ReadProcessMemory or WriteProcessMemory request was completed. (0x12B)
[0319/211746.804:ERROR:process_memory_win.cc(73)] ReadMemory at 0x1c98767b660 of 58 bytes failed: Only part of a ReadProcessMemory or WriteProcessMemory request was completed. (0x12B)
[0319/211746.804:ERROR:process_memory_win.cc(73)] ReadMemory at 0x1c98767ba20 of 60 bytes failed: Only part of a ReadProcessMemory or WriteProcessMemory request was completed. (0x12B)
[0319/211746.804:ERROR:process_memory_win.cc(73)] ReadMemory at 0x1c98767dea0 of 54 bytes failed: Only part of a ReadProcessMemory or WriteProcessMemory request was completed. (0x12B)
[0319/211746.804:ERROR:process_memory_win.cc(73)] ReadMemory at 0x1c987688ec0 of 512 bytes failed: Only part of a ReadProcessMemory or WriteProcessMemory request was completed. (0x12B)
[0319/211746.804:ERROR:process_memory_win.cc(73)] ReadMemory at 0x1c98768a4e0 of 62 bytes failed: Only part of a ReadProcessMemory or WriteProcessMemory request was completed. (0x12B)
[0319/211746.804:ERROR:process_memory_win.cc(73)] ReadMemory at 0x1c98768a580 of 58 bytes failed: Only part of a ReadProcessMemory or WriteProcessMemory request was completed. (0x12B)
[0319/211746.804:ERROR:process_memory_win.cc(73)] ReadMemory at 0x1c98768a5d0 of 62 bytes failed: Only part of a ReadProcessMemory or WriteProcessMemory request was completed. (0x12B)
[0319/211746.804:ERROR:process_memory_win.cc(73)] ReadMemory at 0x1c98768a8f0 of 62 bytes failed: Only part of a ReadProcessMemory or WriteProcessMemory request was completed. (0x12B)
[0319/211746.804:ERROR:process_memory_win.cc(73)] ReadMemory at 0x1c98768a9e0 of 60 bytes failed: Only part of a ReadProcessMemory or WriteProcessMemory request was completed. (0x12B)
[0319/211746.804:ERROR:process_memory_win.cc(73)] ReadMemory at 0x1c98768ab20 of 64 bytes failed: Only part of a ReadProcessMemory or WriteProcessMemory request was completed. (0x12B)
[0319/211746.804:ERROR:process_memory_win.cc(73)] ReadMemory at 0x1c98768ab70 of 64 bytes failed: Only part of a ReadProcessMemory or WriteProcessMemory request was completed. (0x12B)
[0319/211746.805:ERROR:process_memory_win.cc(73)] ReadMemory at 0x1c98768abc0 of 62 bytes failed: Only part of a ReadProcessMemory or WriteProcessMemory request was completed. (0x12B)
[0319/211746.805:ERROR:process_memory_win.cc(73)] ReadMemory at 0x1c98768ac10 of 64 bytes failed: Only part of a ReadProcessMemory or WriteProcessMemory request was completed. (0x12B)
[0319/211746.805:ERROR:process_memory_win.cc(73)] ReadMemory at 0x1c98768ae90 of 62 bytes failed: Only part of a ReadProcessMemory or WriteProcessMemory request was completed. (0x12B)
[0319/211746.805:ERROR:process_memory_win.cc(73)] ReadMemory at 0x1c98768af30 of 60 bytes failed: Only part of a ReadProcessMemory or WriteProcessMemory request was completed. (0x12B)
[0319/211746.805:ERROR:process_memory_win.cc(73)] ReadMemory at 0x1c98768b070 of 64 bytes failed: Only part of a ReadProcessMemory or WriteProcessMemory request was completed. (0x12B)
[0319/211746.805:ERROR:process_memory_win.cc(73)] ReadMemory at 0x1c98768b160 of 60 bytes failed: Only part of a ReadProcessMemory or WriteProcessMemory request was completed. (0x12B)
[0319/211746.805:ERROR:process_memory_win.cc(73)] ReadMemory at 0x1c98768b340 of 60 bytes failed: Only part of a ReadProcessMemory or WriteProcessMemory request was completed. (0x12B)
[0319/211746.805:ERROR:process_memory_win.cc(73)] ReadMemory at 0x1c98768b430 of 56 bytes failed: Only part of a ReadProcessMemory or WriteProcessMemory request was completed. (0x12B)
[0319/211746.805:ERROR:process_memory_win.cc(73)] ReadMemory at 0x1c98768b9b0 of 132 bytes failed: Only part of a ReadProcessMemory or WriteProcessMemory request was completed. (0x12B)
[0319/211746.805:ERROR:process_memory_win.cc(73)] ReadMemory at 0x1c98768be70 of 132 bytes failed: Only part of a ReadProcessMemory or WriteProcessMemory request was completed. (0x12B)
[0319/211746.805:ERROR:process_memory_win.cc(73)] ReadMemory at 0x1c98768c330 of 132 bytes failed: Only part of a ReadProcessMemory or WriteProcessMemory request was completed. (0x12B)
[0319/211746.805:ERROR:process_memory_win.cc(73)] ReadMemory at 0x1c98768c7f0 of 132 bytes failed: Only part of a ReadProcessMemory or WriteProcessMemory request was completed. (0x12B)
[0319/211746.805:ERROR:process_memory_win.cc(73)] ReadMemory at 0x1c98768ccb0 of 132 bytes failed: Only part of a ReadProcessMemory or WriteProcessMemory request was completed. (0x12B)
[0319/211746.805:ERROR:process_memory_win.cc(73)] ReadMemory at 0x1c98769d880 of 512 bytes failed: Only part of a ReadProcessMemory or WriteProcessMemory request was completed. (0x12B)
[0319/211746.806:ERROR:process_memory_win.cc(73)] ReadMemory at 0x1c9876a8f30 of 512 bytes failed: Only part of a ReadProcessMemory or WriteProcessMemory request was completed. (0x12B)
[0319/211746.806:ERROR:process_memory_win.cc(73)] ReadMemory at 0x1c9879a54d0 of 512 bytes failed: Only part of a ReadProcessMemory or WriteProcessMemory request was completed. (0x12B)
[0319/211746.806:ERROR:process_memory_win.cc(73)] ReadMemory at 0x1c9879a63b0 of 512 bytes failed: Only part of a ReadProcessMemory or WriteProcessMemory request was completed. (0x12B)
[0319/211746.806:ERROR:process_memory_win.cc(73)] ReadMemory at 0x1c9879a69b0 of 512 bytes failed: Only part of a ReadProcessMemory or WriteProcessMemory request was completed. (0x12B)
[0319/211746.806:ERROR:process_memory_win.cc(73)] ReadMemory at 0x1c9879a6e30 of 512 bytes failed: Only part of a ReadProcessMemory or WriteProcessMemory request was completed. (0x12B)
[0319/211746.806:ERROR:process_memory_win.cc(73)] ReadMemory at 0x1c9879afad0 of 512 bytes failed: Only part of a ReadProcessMemory or WriteProcessMemory request was completed. (0x12B)
[0319/211746.806:ERROR:process_memory_win.cc(73)] ReadMemory at 0x1c9879ccb90 of 512 bytes failed: Only part of a ReadProcessMemory or WriteProcessMemory request was completed. (0x12B)
[0319/211746.806:ERROR:process_memory_win.cc(73)] ReadMemory at 0x1c9879dca70 of 512 bytes failed: Only part of a ReadProcessMemory or WriteProcessMemory request was completed. (0x12B)
[0319/211746.806:ERROR:process_memory_win.cc(73)] ReadMemory at 0x1c9879e0010 of 512 bytes failed: Only part of a ReadProcessMemory or WriteProcessMemory request was completed. (0x12B)
[0319/211746.806:ERROR:process_memory_win.cc(73)] ReadMemory at 0x1c9879e35a0 of 696 bytes failed: Only part of a ReadProcessMemory or WriteProcessMemory request was completed. (0x12B)
[0319/211746.807:ERROR:process_memory_win.cc(73)] ReadMemory at 0x1c9879e9580 of 512 bytes failed: Only part of a ReadProcessMemory or WriteProcessMemory request was completed. (0x12B)
[0319/211746.807:ERROR:process_memory_win.cc(73)] ReadMemory at 0x1c987a43220 of 512 bytes failed: Only part of a ReadProcessMemory or WriteProcessMemory request was completed. (0x12B)
[0319/211746.807:ERROR:process_memory_win.cc(73)] ReadMemory at 0x1c989cbfd90 of 512 bytes failed: Only part of a ReadProcessMemory or WriteProcessMemory request was completed. (0x12B)
[0319/211746.807:ERROR:process_memory_win.cc(73)] ReadMemory at 0x1c989e2ce40 of 512 bytes failed: Only part of a ReadProcessMemory or WriteProcessMemory request was completed. (0x12B)
[0319/211746.807:ERROR:process_memory_win.cc(73)] ReadMemory at 0x1c98a121600 of 512 bytes failed: Only part of a ReadProcessMemory or WriteProcessMemory request was completed. (0x12B)
[0319/211746.807:ERROR:process_memory_win.cc(73)] ReadMemory at 0x1c98c080100 of 512 bytes failed: Only part of a ReadProcessMemory or WriteProcessMemory request was completed. (0x12B)
[0319/211746.807:ERROR:process_memory_win.cc(73)] ReadMemory at 0x1c98c1c1fb0 of 512 bytes failed: Only part of a ReadProcessMemory or WriteProcessMemory request was completed. (0x12B)
[0319/211746.807:ERROR:process_memory_win.cc(73)] ReadMemory at 0x1c98d969920 of 512 bytes failed: Only part of a ReadProcessMemory or WriteProcessMemory request was completed. (0x12B)
[0319/211746.807:ERROR:process_memory_win.cc(73)] ReadMemory at 0x1c98da47fb0 of 512 bytes failed: Only part of a ReadProcessMemory or WriteProcessMemory request was completed. (0x12B)
[0319/211746.807:ERROR:process_memory_win.cc(73)] ReadMemory at 0x334273f4229 of 512 bytes failed: Only part of a ReadProcessMemory or WriteProcessMemory request was completed. (0x12B)
[0319/211746.808:ERROR:process_memory_win.cc(73)] ReadMemory at 0x206add0d4568 of 512 bytes failed: Only part of a ReadProcessMemory or WriteProcessMemory request was completed. (0x12B)
[0319/211746.808:ERROR:process_memory_win.cc(73)] ReadMemory at 0x34b1b123c058 of 512 bytes failed: Only part of a ReadProcessMemory or WriteProcessMemory request was completed. (0x12B)
[0319/211746.808:ERROR:process_memory_win.cc(73)] ReadMemory at 0x62f7f988e388 of 512 bytes failed: Only part of a ReadProcessMemory or WriteProcessMemory request was completed. (0x12B)
[0319/211746.808:ERROR:process_memory_win.cc(73)] ReadMemory at 0x62f7f988ec98 of 512 bytes failed: Only part of a ReadProcessMemory or WriteProcessMemory request was completed. (0x12B)
[0319/211746.808:ERROR:process_memory_win.cc(73)] ReadMemory at 0x7ff84f63e812 of 512 bytes failed: Only part of a ReadProcessMemory or WriteProcessMemory request was completed. (0x12B)
[0319/211746.808:ERROR:process_memory_win.cc(73)] ReadMemory at 0x7ff84f678f3c of 512 bytes failed: Only part of a ReadProcessMemory or WriteProcessMemory request was completed. (0x12B)
[0319/211746.808:ERROR:process_memory_win.cc(73)] ReadMemory at 0x7ff84fd484d3 of 512 bytes failed: Only part of a ReadProcessMemory or WriteProcessMemory request was completed. (0x12B)
[0319/211746.808:ERROR:process_memory_win.cc(73)] ReadMemory at 0x7ff84fefa830 of 512 bytes failed: Only part of a ReadProcessMemory or WriteProcessMemory request was completed. (0x12B)
[0319/211746.808:ERROR:process_memory_win.cc(73)] ReadMemory at 0x7ff858a3e99e of 512 bytes failed: Only part of a ReadProcessMemory or WriteProcessMemory request was completed. (0x12B)
[0319/211746.808:ERROR:process_memory_win.cc(73)] ReadMemory at 0x7ff858a3fabe of 512 bytes failed: Only part of a ReadProcessMemory or WriteProcessMemory request was completed. (0x12B)
[0319/211746.808:ERROR:process_memory_win.cc(73)] ReadMemory at 0x7ff8927b0b90 of 512 bytes failed: Only part of a ReadProcessMemory or WriteProcessMemory request was completed. (0x12B)
[0319/211746.808:ERROR:process_memory_win.cc(73)] ReadMemory at 0x7ff89282b2be of 512 bytes failed: Only part of a ReadProcessMemory or WriteProcessMemory request was completed. (0x12B)
[0319/211746.808:ERROR:process_memory_win.cc(73)] ReadMemory at 0x7ff8943b6270 of 512 bytes failed: Only part of a ReadProcessMemory or WriteProcessMemory request was completed. (0x12B)
[0319/211746.809:ERROR:process_memory_win.cc(73)] ReadMemory at 0x7ff8943b79f0 of 512 bytes failed: Only part of a ReadProcessMemory or WriteProcessMemory request was completed. (0x12B)
[0319/211746.809:ERROR:process_memory_win.cc(73)] ReadMemory at 0x7ff8943b82e0 of 512 bytes failed: Only part of a ReadProcessMemory or WriteProcessMemory request was completed. (0x12B)
[0319/211746.809:ERROR:process_memory_win.cc(73)] ReadMemory at 0x7ff8943ba0d0 of 512 bytes failed: Only part of a ReadProcessMemory or WriteProcessMemory request was completed. (0x12B)
[0319/211746.809:ERROR:process_memory_win.cc(73)] ReadMemory at 0x7ff89442a9a4 of 672 bytes failed: Only part of a ReadProcessMemory or WriteProcessMemory request was completed. (0x12B)
[0319/211746.809:ERROR:process_memory_win.cc(73)] ReadMemory at 0x7ff89442e214 of 608 bytes failed: Only part of a ReadProcessMemory or WriteProcessMemory request was completed. (0x12B)
[0319/211746.809:ERROR:process_memory_win.cc(73)] ReadMemory at 0x7ff8944b01e0 of 18 bytes failed: Only part of a ReadProcessMemory or WriteProcessMemory request was completed. (0x12B)
[0319/211746.809:ERROR:process_memory_win.cc(73)] ReadMemory at 0x7ff8944e65b0 of 40 bytes failed: Only part of a ReadProcessMemory or WriteProcessMemory request was completed. (0x12B)
[0319/211746.809:ERROR:process_memory_win.cc(73)] ReadMemory at 0x7ff8944e6a08 of 48 bytes failed: Only part of a ReadProcessMemory or WriteProcessMemory request was completed. (0x12B)
[0319/211746.809:ERROR:process_memory_win.cc(73)] ReadMemory at 0x7ff8944ec360 of 64 bytes failed: Only part of a ReadProcessMemory or WriteProcessMemory request was completed. (0x12B)
[0319/211746.813:ERROR:scoped_process_suspend.cc(40)] NtResumeProcess: An attempt was made to access an exiting process. (0xc000010a)
